2014/01/14 10:01:04 [error] [php] include(AnsweredPropositions.php): failed to open stream: No such file or directory (C:\Users\Etienne.FORNEY\softs\xampp\htdocs\yii\framework\YiiBase.php:427)
Stack trace:
#0 C:\Users\Etienne.FORNEY\softs\xampp\htdocs\yii\framework\db\ar\CActiveRecord.php(395): spl_autoload_call()
#1 C:\Users\Etienne.FORNEY\softs\xampp\htdocs\yii\framework\web\CActiveDataProvider.php(165): model()
#2 C:\Users\Etienne.FORNEY\softs\xampp\htdocs\yii\framework\web\CActiveDataProvider.php(87): CActiveDataProvider->getModel()
#3 C:\Users\Etienne.FORNEY\softs\xampp\htdocs\app_surveys\protected\controllers\AnsweredPropositionsController.php(125): CActiveDataProvider->__construct()
#4 C:\Users\Etienne.FORNEY\softs\xampp\htdocs\yii\framework\web\actions\CInlineAction.php(49): AnsweredPropositionsController->actionIndex()
#5 C:\Users\Etienne.FORNEY\softs\xampp\htdocs\yii\framework\web\CController.php(308): CInlineAction->runWithParams()
#6 C:\Users\Etienne.FORNEY\softs\xampp\htdocs\yii\framework\web\filters\CFilterChain.php(133): AnsweredPropositionsController->runAction()
#7 C:\Users\Etienne.FORNEY\softs\xampp\htdocs\yii\framework\web\filters\CFilter.php(40): CFilterChain->run()
#8 C:\Users\Etienne.FORNEY\softs\xampp\htdocs\yii\framework\web\CController.php(1145): CAccessControlFilter->filter()
#9 C:\Users\Etienne.FORNEY\softs\xampp\htdocs\yii\framework\web\filters\CInlineFilter.php(58): AnsweredPropositionsController->filterAccessControl()
#10 C:\Users\Etienne.FORNEY\softs\xampp\htdocs\yii\framework\web\filters\CFilterChain.php(130): CInlineFilter->filter()
#11 C:\Users\Etienne.FORNEY\softs\xampp\htdocs\yii\framework\web\CController.php(291): CFilterChain->run()
#12 C:\Users\Etienne.FORNEY\softs\xampp\htdocs\yii\framework\web\CController.php(265): AnsweredPropositionsController->runActionWithFilters()
#13 C:\Users\Etienne.FORNEY\softs\xampp\htdocs\yii\framework\web\CWebApplication.php(282): AnsweredPropositionsController->run()
#14 C:\Users\Etienne.FORNEY\softs\xampp\htdocs\yii\framework\web\CWebApplication.php(141): CWebApplication->runController()
#15 C:\Users\Etienne.FORNEY\softs\xampp\htdocs\yii\framework\base\CApplication.php(180): CWebApplication->processRequest()
#16 C:\Users\Etienne.FORNEY\softs\xampp\htdocs\app_surveys\index.php(13): CWebApplication->run()
REQUEST_URI=/app_surveys/index.php?r=answeredPropositions
in C:\Users\Etienne.FORNEY\softs\xampp\htdocs\app_surveys\protected\controllers\AnsweredPropositionsController.php (125)
in C:\Users\Etienne.FORNEY\softs\xampp\htdocs\app_surveys\index.php (13)
2014/01/14 10:01:41 [error] [php] include(AnsweredPropositions.php): failed to open stream: No such file or directory (C:\Users\Etienne.FORNEY\softs\xampp\htdocs\yii\framework\YiiBase.php:427)
Stack trace:
#0 C:\Users\Etienne.FORNEY\softs\xampp\htdocs\app_surveys\protected\controllers\AnsweredPropositionsController.php(65): spl_autoload_call()
#1 C:\Users\Etienne.FORNEY\softs\xampp\htdocs\yii\framework\web\actions\CInlineAction.php(49): AnsweredPropositionsController->actionCreate()
#2 C:\Users\Etienne.FORNEY\softs\xampp\htdocs\yii\framework\web\CController.php(308): CInlineAction->runWithParams()
#3 C:\Users\Etienne.FORNEY\softs\xampp\htdocs\yii\framework\web\filters\CFilterChain.php(133): AnsweredPropositionsController->runAction()
#4 C:\Users\Etienne.FORNEY\softs\xampp\htdocs\yii\framework\web\filters\CFilter.php(40): CFilterChain->run()
#5 C:\Users\Etienne.FORNEY\softs\xampp\htdocs\yii\framework\web\CController.php(1145): CAccessControlFilter->filter()
#6 C:\Users\Etienne.FORNEY\softs\xampp\htdocs\yii\framework\web\filters\CInlineFilter.php(58): AnsweredPropositionsController->filterAccessControl()
#7 C:\Users\Etienne.FORNEY\softs\xampp\htdocs\yii\framework\web\filters\CFilterChain.php(130): CInlineFilter->filter()
#8 C:\Users\Etienne.FORNEY\softs\xampp\htdocs\yii\framework\web\CController.php(291): CFilterChain->run()
#9 C:\Users\Etienne.FORNEY\softs\xampp\htdocs\yii\framework\web\CController.php(265): AnsweredPropositionsController->runActionWithFilters()
#10 C:\Users\Etienne.FORNEY\softs\xampp\htdocs\yii\framework\web\CWebApplication.php(282): AnsweredPropositionsController->run()
#11 C:\Users\Etienne.FORNEY\softs\xampp\htdocs\yii\framework\web\CWebApplication.php(141): CWebApplication->runController()
#12 C:\Users\Etienne.FORNEY\softs\xampp\htdocs\yii\framework\base\CApplication.php(180): CWebApplication->processRequest()
#13 C:\Users\Etienne.FORNEY\softs\xampp\htdocs\app_surveys\index.php(13): CWebApplication->run()
REQUEST_URI=/app_surveys/index.php?r=answeredPropositions/create
in C:\Users\Etienne.FORNEY\softs\xampp\htdocs\app_surveys\protected\controllers\AnsweredPropositionsController.php (65)
in C:\Users\Etienne.FORNEY\softs\xampp\htdocs\app_surveys\index.php (13)
2014/01/14 10:01:55 [error] [php] include(AnsweredPropositions.php): failed to open stream: No such file or directory (C:\Users\Etienne.FORNEY\softs\xampp\htdocs\yii\framework\YiiBase.php:427)
Stack trace:
#0 C:\Users\Etienne.FORNEY\softs\xampp\htdocs\app_surveys\protected\controllers\AnsweredPropositionsController.php(136): spl_autoload_call()
#1 C:\Users\Etienne.FORNEY\softs\xampp\htdocs\yii\framework\web\actions\CInlineAction.php(49): AnsweredPropositionsController->actionAdmin()
#2 C:\Users\Etienne.FORNEY\softs\xampp\htdocs\yii\framework\web\CController.php(308): CInlineAction->runWithParams()
#3 C:\Users\Etienne.FORNEY\softs\xampp\htdocs\yii\framework\web\filters\CFilterChain.php(133): AnsweredPropositionsController->runAction()
#4 C:\Users\Etienne.FORNEY\softs\xampp\htdocs\yii\framework\web\filters\CFilter.php(40): CFilterChain->run()
#5 C:\Users\Etienne.FORNEY\softs\xampp\htdocs\yii\framework\web\CController.php(1145): CAccessControlFilter->filter()
#6 C:\Users\Etienne.FORNEY\softs\xampp\htdocs\yii\framework\web\filters\CInlineFilter.php(58): AnsweredPropositionsController->filterAccessControl()
#7 C:\Users\Etienne.FORNEY\softs\xampp\htdocs\yii\framework\web\filters\CFilterChain.php(130): CInlineFilter->filter()
#8 C:\Users\Etienne.FORNEY\softs\xampp\htdocs\yii\framework\web\CController.php(291): CFilterChain->run()
#9 C:\Users\Etienne.FORNEY\softs\xampp\htdocs\yii\framework\web\CController.php(265): AnsweredPropositionsController->runActionWithFilters()
#10 C:\Users\Etienne.FORNEY\softs\xampp\htdocs\yii\framework\web\CWebApplication.php(282): AnsweredPropositionsController->run()
#11 C:\Users\Etienne.FORNEY\softs\xampp\htdocs\yii\framework\web\CWebApplication.php(141): CWebApplication->runController()
#12 C:\Users\Etienne.FORNEY\softs\xampp\htdocs\yii\framework\base\CApplication.php(180): CWebApplication->processRequest()
#13 C:\Users\Etienne.FORNEY\softs\xampp\htdocs\app_surveys\index.php(13): CWebApplication->run()
REQUEST_URI=/app_surveys/index.php?r=answeredPropositions/admin
in C:\Users\Etienne.FORNEY\softs\xampp\htdocs\app_surveys\protected\controllers\AnsweredPropositionsController.php (136)
in C:\Users\Etienne.FORNEY\softs\xampp\htdocs\app_surveys\index.php (13)
2014/01/14 10:02:22 [error] [exception.CHttpException.404] exception 'CHttpException' with message 'Unable to resolve the request "layouts".' in C:\Users\Etienne.FORNEY\softs\xampp\htdocs\yii\framework\web\CWebApplication.php:286
Stack trace:
#0 C:\Users\Etienne.FORNEY\softs\xampp\htdocs\yii\framework\web\CWebApplication.php(141): CWebApplication->runController('layouts')
#1 C:\Users\Etienne.FORNEY\softs\xampp\htdocs\yii\framework\base\CApplication.php(180): CWebApplication->processRequest()
#2 C:\Users\Etienne.FORNEY\softs\xampp\htdocs\app_surveys\index.php(13): CApplication->run()
#3 {main}
REQUEST_URI=/app_surveys/index.php?r=layouts
---
2014/01/14 10:02:32 [error] [php] include(Participations.php): failed to open stream: No such file or directory (C:\Users\Etienne.FORNEY\softs\xampp\htdocs\yii\framework\YiiBase.php:427)
Stack trace:
#0 C:\Users\Etienne.FORNEY\softs\xampp\htdocs\yii\framework\db\ar\CActiveRecord.php(395): spl_autoload_call()
#1 C:\Users\Etienne.FORNEY\softs\xampp\htdocs\yii\framework\web\CActiveDataProvider.php(165): model()
#2 C:\Users\Etienne.FORNEY\softs\xampp\htdocs\yii\framework\web\CActiveDataProvider.php(87): CActiveDataProvider->getModel()
#3 C:\Users\Etienne.FORNEY\softs\xampp\htdocs\app_surveys\protected\controllers\ParticipationsController.php(125): CActiveDataProvider->__construct()
#4 C:\Users\Etienne.FORNEY\softs\xampp\htdocs\yii\framework\web\actions\CInlineAction.php(49): ParticipationsController->actionIndex()
#5 C:\Users\Etienne.FORNEY\softs\xampp\htdocs\yii\framework\web\CController.php(308): CInlineAction->runWithParams()
#6 C:\Users\Etienne.FORNEY\softs\xampp\htdocs\yii\framework\web\filters\CFilterChain.php(133): ParticipationsController->runAction()
#7 C:\Users\Etienne.FORNEY\softs\xampp\htdocs\yii\framework\web\filters\CFilter.php(40): CFilterChain->run()
#8 C:\Users\Etienne.FORNEY\softs\xampp\htdocs\yii\framework\web\CController.php(1145): CAccessControlFilter->filter()
#9 C:\Users\Etienne.FORNEY\softs\xampp\htdocs\yii\framework\web\filters\CInlineFilter.php(58): ParticipationsController->filterAccessControl()
#10 C:\Users\Etienne.FORNEY\softs\xampp\htdocs\yii\framework\web\filters\CFilterChain.php(130): CInlineFilter->filter()
#11 C:\Users\Etienne.FORNEY\softs\xampp\htdocs\yii\framework\web\CController.php(291): CFilterChain->run()
#12 C:\Users\Etienne.FORNEY\softs\xampp\htdocs\yii\framework\web\CController.php(265): ParticipationsController->runActionWithFilters()
#13 C:\Users\Etienne.FORNEY\softs\xampp\htdocs\yii\framework\web\CWebApplication.php(282): ParticipationsController->run()
#14 C:\Users\Etienne.FORNEY\softs\xampp\htdocs\yii\framework\web\CWebApplication.php(141): CWebApplication->runController()
#15 C:\Users\Etienne.FORNEY\softs\xampp\htdocs\yii\framework\base\CApplication.php(180): CWebApplication->processRequest()
#16 C:\Users\Etienne.FORNEY\softs\xampp\htdocs\app_surveys\index.php(13): CWebApplication->run()
REQUEST_URI=/app_surveys/index.php?r=participations
in C:\Users\Etienne.FORNEY\softs\xampp\htdocs\app_surveys\protected\controllers\ParticipationsController.php (125)
in C:\Users\Etienne.FORNEY\softs\xampp\htdocs\app_surveys\index.php (13)
2014/01/14 10:02:49 [error] [php] include(Participations.php): failed to open stream: No such file or directory (C:\Users\Etienne.FORNEY\softs\xampp\htdocs\yii\framework\YiiBase.php:427)
Stack trace:
#0 C:\Users\Etienne.FORNEY\softs\xampp\htdocs\app_surveys\protected\controllers\ParticipationsController.php(65): spl_autoload_call()
#1 C:\Users\Etienne.FORNEY\softs\xampp\htdocs\yii\framework\web\actions\CInlineAction.php(49): ParticipationsController->actionCreate()
#2 C:\Users\Etienne.FORNEY\softs\xampp\htdocs\yii\framework\web\CController.php(308): CInlineAction->runWithParams()
#3 C:\Users\Etienne.FORNEY\softs\xampp\htdocs\yii\framework\web\filters\CFilterChain.php(133): ParticipationsController->runAction()
#4 C:\Users\Etienne.FORNEY\softs\xampp\htdocs\yii\framework\web\filters\CFilter.php(40): CFilterChain->run()
#5 C:\Users\Etienne.FORNEY\softs\xampp\htdocs\yii\framework\web\CController.php(1145): CAccessControlFilter->filter()
#6 C:\Users\Etienne.FORNEY\softs\xampp\htdocs\yii\framework\web\filters\CInlineFilter.php(58): ParticipationsController->filterAccessControl()
#7 C:\Users\Etienne.FORNEY\softs\xampp\htdocs\yii\framework\web\filters\CFilterChain.php(130): CInlineFilter->filter()
#8 C:\Users\Etienne.FORNEY\softs\xampp\htdocs\yii\framework\web\CController.php(291): CFilterChain->run()
#9 C:\Users\Etienne.FORNEY\softs\xampp\htdocs\yii\framework\web\CController.php(265): ParticipationsController->runActionWithFilters()
#10 C:\Users\Etienne.FORNEY\softs\xampp\htdocs\yii\framework\web\CWebApplication.php(282): ParticipationsController->run()
#11 C:\Users\Etienne.FORNEY\softs\xampp\htdocs\yii\framework\web\CWebApplication.php(141): CWebApplication->runController()
#12 C:\Users\Etienne.FORNEY\softs\xampp\htdocs\yii\framework\base\CApplication.php(180): CWebApplication->processRequest()
#13 C:\Users\Etienne.FORNEY\softs\xampp\htdocs\app_surveys\index.php(13): CWebApplication->run()
REQUEST_URI=/app_surveys/index.php?r=participations/create
in C:\Users\Etienne.FORNEY\softs\xampp\htdocs\app_surveys\protected\controllers\ParticipationsController.php (65)
in C:\Users\Etienne.FORNEY\softs\xampp\htdocs\app_surveys\index.php (13)
2014/01/14 10:02:58 [error] [php] include(Participations.php): failed to open stream: No such file or directory (C:\Users\Etienne.FORNEY\softs\xampp\htdocs\yii\framework\YiiBase.php:427)
Stack trace:
#0 C:\Users\Etienne.FORNEY\softs\xampp\htdocs\app_surveys\protected\controllers\ParticipationsController.php(136): spl_autoload_call()
#1 C:\Users\Etienne.FORNEY\softs\xampp\htdocs\yii\framework\web\actions\CInlineAction.php(49): ParticipationsController->actionAdmin()
#2 C:\Users\Etienne.FORNEY\softs\xampp\htdocs\yii\framework\web\CController.php(308): CInlineAction->runWithParams()
#3 C:\Users\Etienne.FORNEY\softs\xampp\htdocs\yii\framework\web\filters\CFilterChain.php(133): ParticipationsController->runAction()
#4 C:\Users\Etienne.FORNEY\softs\xampp\htdocs\yii\framework\web\filters\CFilter.php(40): CFilterChain->run()
#5 C:\Users\Etienne.FORNEY\softs\xampp\htdocs\yii\framework\web\CController.php(1145): CAccessControlFilter->filter()
#6 C:\Users\Etienne.FORNEY\softs\xampp\htdocs\yii\framework\web\filters\CInlineFilter.php(58): ParticipationsController->filterAccessControl()
#7 C:\Users\Etienne.FORNEY\softs\xampp\htdocs\yii\framework\web\filters\CFilterChain.php(130): CInlineFilter->filter()
#8 C:\Users\Etienne.FORNEY\softs\xampp\htdocs\yii\framework\web\CController.php(291): CFilterChain->run()
#9 C:\Users\Etienne.FORNEY\softs\xampp\htdocs\yii\framework\web\CController.php(265): ParticipationsController->runActionWithFilters()
#10 C:\Users\Etienne.FORNEY\softs\xampp\htdocs\yii\framework\web\CWebApplication.php(282): ParticipationsController->run()
#11 C:\Users\Etienne.FORNEY\softs\xampp\htdocs\yii\framework\web\CWebApplication.php(141): CWebApplication->runController()
#12 C:\Users\Etienne.FORNEY\softs\xampp\htdocs\yii\framework\base\CApplication.php(180): CWebApplication->processRequest()
#13 C:\Users\Etienne.FORNEY\softs\xampp\htdocs\app_surveys\index.php(13): CWebApplication->run()
REQUEST_URI=/app_surveys/index.php?r=participations/admin
in C:\Users\Etienne.FORNEY\softs\xampp\htdocs\app_surveys\protected\controllers\ParticipationsController.php (136)
in C:\Users\Etienne.FORNEY\softs\xampp\htdocs\app_surveys\index.php (13)
2014/01/14 10:03:30 [error] [php] include(Propositions.php): failed to open stream: No such file or directory (C:\Users\Etienne.FORNEY\softs\xampp\htdocs\yii\framework\YiiBase.php:427)
Stack trace:
#0 C:\Users\Etienne.FORNEY\softs\xampp\htdocs\yii\framework\db\ar\CActiveRecord.php(395): spl_autoload_call()
#1 C:\Users\Etienne.FORNEY\softs\xampp\htdocs\yii\framework\web\CActiveDataProvider.php(165): model()
#2 C:\Users\Etienne.FORNEY\softs\xampp\htdocs\yii\framework\web\CActiveDataProvider.php(87): CActiveDataProvider->getModel()
#3 C:\Users\Etienne.FORNEY\softs\xampp\htdocs\app_surveys\protected\controllers\PropositionsController.php(125): CActiveDataProvider->__construct()
#4 C:\Users\Etienne.FORNEY\softs\xampp\htdocs\yii\framework\web\actions\CInlineAction.php(49): PropositionsController->actionIndex()
#5 C:\Users\Etienne.FORNEY\softs\xampp\htdocs\yii\framework\web\CController.php(308): CInlineAction->runWithParams()
#6 C:\Users\Etienne.FORNEY\softs\xampp\htdocs\yii\framework\web\filters\CFilterChain.php(133): PropositionsController->runAction()
#7 C:\Users\Etienne.FORNEY\softs\xampp\htdocs\yii\framework\web\filters\CFilter.php(40): CFilterChain->run()
#8 C:\Users\Etienne.FORNEY\softs\xampp\htdocs\yii\framework\web\CController.php(1145): CAccessControlFilter->filter()
#9 C:\Users\Etienne.FORNEY\softs\xampp\htdocs\yii\framework\web\filters\CInlineFilter.php(58): PropositionsController->filterAccessControl()
#10 C:\Users\Etienne.FORNEY\softs\xampp\htdocs\yii\framework\web\filters\CFilterChain.php(130): CInlineFilter->filter()
#11 C:\Users\Etienne.FORNEY\softs\xampp\htdocs\yii\framework\web\CController.php(291): CFilterChain->run()
#12 C:\Users\Etienne.FORNEY\softs\xampp\htdocs\yii\framework\web\CController.php(265): PropositionsController->runActionWithFilters()
#13 C:\Users\Etienne.FORNEY\softs\xampp\htdocs\yii\framework\web\CWebApplication.php(282): PropositionsController->run()
#14 C:\Users\Etienne.FORNEY\softs\xampp\htdocs\yii\framework\web\CWebApplication.php(141): CWebApplication->runController()
#15 C:\Users\Etienne.FORNEY\softs\xampp\htdocs\yii\framework\base\CApplication.php(180): CWebApplication->processRequest()
#16 C:\Users\Etienne.FORNEY\softs\xampp\htdocs\app_surveys\index.php(13): CWebApplication->run()
REQUEST_URI=/app_surveys/index.php?r=propositions
in C:\Users\Etienne.FORNEY\softs\xampp\htdocs\app_surveys\protected\controllers\PropositionsController.php (125)
in C:\Users\Etienne.FORNEY\softs\xampp\htdocs\app_surveys\index.php (13)
2014/01/14 10:03:49 [error] [php] include(Propositions.php): failed to open stream: No such file or directory (C:\Users\Etienne.FORNEY\softs\xampp\htdocs\yii\framework\YiiBase.php:427)
Stack trace:
#0 C:\Users\Etienne.FORNEY\softs\xampp\htdocs\app_surveys\protected\controllers\PropositionsController.php(136): spl_autoload_call()
#1 C:\Users\Etienne.FORNEY\softs\xampp\htdocs\yii\framework\web\actions\CInlineAction.php(49): PropositionsController->actionAdmin()
#2 C:\Users\Etienne.FORNEY\softs\xampp\htdocs\yii\framework\web\CController.php(308): CInlineAction->runWithParams()
#3 C:\Users\Etienne.FORNEY\softs\xampp\htdocs\yii\framework\web\filters\CFilterChain.php(133): PropositionsController->runAction()
#4 C:\Users\Etienne.FORNEY\softs\xampp\htdocs\yii\framework\web\filters\CFilter.php(40): CFilterChain->run()
#5 C:\Users\Etienne.FORNEY\softs\xampp\htdocs\yii\framework\web\CController.php(1145): CAccessControlFilter->filter()
#6 C:\Users\Etienne.FORNEY\softs\xampp\htdocs\yii\framework\web\filters\CInlineFilter.php(58): PropositionsController->filterAccessControl()
#7 C:\Users\Etienne.FORNEY\softs\xampp\htdocs\yii\framework\web\filters\CFilterChain.php(130): CInlineFilter->filter()
#8 C:\Users\Etienne.FORNEY\softs\xampp\htdocs\yii\framework\web\CController.php(291): CFilterChain->run()
#9 C:\Users\Etienne.FORNEY\softs\xampp\htdocs\yii\framework\web\CController.php(265): PropositionsController->runActionWithFilters()
#10 C:\Users\Etienne.FORNEY\softs\xampp\htdocs\yii\framework\web\CWebApplication.php(282): PropositionsController->run()
#11 C:\Users\Etienne.FORNEY\softs\xampp\htdocs\yii\framework\web\CWebApplication.php(141): CWebApplication->runController()
#12 C:\Users\Etienne.FORNEY\softs\xampp\htdocs\yii\framework\base\CApplication.php(180): CWebApplication->processRequest()
#13 C:\Users\Etienne.FORNEY\softs\xampp\htdocs\app_surveys\index.php(13): CWebApplication->run()
REQUEST_URI=/app_surveys/index.php?r=propositions/admin
in C:\Users\Etienne.FORNEY\softs\xampp\htdocs\app_surveys\protected\controllers\PropositionsController.php (136)
in C:\Users\Etienne.FORNEY\softs\xampp\htdocs\app_surveys\index.php (13)
2014/01/14 10:04:13 [error] [php] include(QuestionGroups.php): failed to open stream: No such file or directory (C:\Users\Etienne.FORNEY\softs\xampp\htdocs\yii\framework\YiiBase.php:427)
Stack trace:
#0 C:\Users\Etienne.FORNEY\softs\xampp\htdocs\yii\framework\db\ar\CActiveRecord.php(395): spl_autoload_call()
#1 C:\Users\Etienne.FORNEY\softs\xampp\htdocs\yii\framework\web\CActiveDataProvider.php(165): model()
#2 C:\Users\Etienne.FORNEY\softs\xampp\htdocs\yii\framework\web\CActiveDataProvider.php(87): CActiveDataProvider->getModel()
#3 C:\Users\Etienne.FORNEY\softs\xampp\htdocs\app_surveys\protected\controllers\QuestionGroupsController.php(125): CActiveDataProvider->__construct()
#4 C:\Users\Etienne.FORNEY\softs\xampp\htdocs\yii\framework\web\actions\CInlineAction.php(49): QuestionGroupsController->actionIndex()
#5 C:\Users\Etienne.FORNEY\softs\xampp\htdocs\yii\framework\web\CController.php(308): CInlineAction->runWithParams()
#6 C:\Users\Etienne.FORNEY\softs\xampp\htdocs\yii\framework\web\filters\CFilterChain.php(133): QuestionGroupsController->runAction()
#7 C:\Users\Etienne.FORNEY\softs\xampp\htdocs\yii\framework\web\filters\CFilter.php(40): CFilterChain->run()
#8 C:\Users\Etienne.FORNEY\softs\xampp\htdocs\yii\framework\web\CController.php(1145): CAccessControlFilter->filter()
#9 C:\Users\Etienne.FORNEY\softs\xampp\htdocs\yii\framework\web\filters\CInlineFilter.php(58): QuestionGroupsController->filterAccessControl()
#10 C:\Users\Etienne.FORNEY\softs\xampp\htdocs\yii\framework\web\filters\CFilterChain.php(130): CInlineFilter->filter()
#11 C:\Users\Etienne.FORNEY\softs\xampp\htdocs\yii\framework\web\CController.php(291): CFilterChain->run()
#12 C:\Users\Etienne.FORNEY\softs\xampp\htdocs\yii\framework\web\CController.php(265): QuestionGroupsController->runActionWithFilters()
#13 C:\Users\Etienne.FORNEY\softs\xampp\htdocs\yii\framework\web\CWebApplication.php(282): QuestionGroupsController->run()
#14 C:\Users\Etienne.FORNEY\softs\xampp\htdocs\yii\framework\web\CWebApplication.php(141): CWebApplication->runController()
#15 C:\Users\Etienne.FORNEY\softs\xampp\htdocs\yii\framework\base\CApplication.php(180): CWebApplication->processRequest()
#16 C:\Users\Etienne.FORNEY\softs\xampp\htdocs\app_surveys\index.php(13): CWebApplication->run()
REQUEST_URI=/app_surveys/index.php?r=questionGroups
in C:\Users\Etienne.FORNEY\softs\xampp\htdocs\app_surveys\protected\controllers\QuestionGroupsController.php (125)
in C:\Users\Etienne.FORNEY\softs\xampp\htdocs\app_surveys\index.php (13)
2014/01/14 10:04:52 [error] [php] include(Questions.php): failed to open stream: No such file or directory (C:\Users\Etienne.FORNEY\softs\xampp\htdocs\yii\framework\YiiBase.php:427)
Stack trace:
#0 C:\Users\Etienne.FORNEY\softs\xampp\htdocs\yii\framework\db\ar\CActiveRecord.php(395): spl_autoload_call()
#1 C:\Users\Etienne.FORNEY\softs\xampp\htdocs\yii\framework\web\CActiveDataProvider.php(165): model()
#2 C:\Users\Etienne.FORNEY\softs\xampp\htdocs\yii\framework\web\CActiveDataProvider.php(87): CActiveDataProvider->getModel()
#3 C:\Users\Etienne.FORNEY\softs\xampp\htdocs\app_surveys\protected\controllers\QuestionsController.php(125): CActiveDataProvider->__construct()
#4 C:\Users\Etienne.FORNEY\softs\xampp\htdocs\yii\framework\web\actions\CInlineAction.php(49): QuestionsController->actionIndex()
#5 C:\Users\Etienne.FORNEY\softs\xampp\htdocs\yii\framework\web\CController.php(308): CInlineAction->runWithParams()
#6 C:\Users\Etienne.FORNEY\softs\xampp\htdocs\yii\framework\web\filters\CFilterChain.php(133): QuestionsController->runAction()
#7 C:\Users\Etienne.FORNEY\softs\xampp\htdocs\yii\framework\web\filters\CFilter.php(40): CFilterChain->run()
#8 C:\Users\Etienne.FORNEY\softs\xampp\htdocs\yii\framework\web\CController.php(1145): CAccessControlFilter->filter()
#9 C:\Users\Etienne.FORNEY\softs\xampp\htdocs\yii\framework\web\filters\CInlineFilter.php(58): QuestionsController->filterAccessControl()
#10 C:\Users\Etienne.FORNEY\softs\xampp\htdocs\yii\framework\web\filters\CFilterChain.php(130): CInlineFilter->filter()
#11 C:\Users\Etienne.FORNEY\softs\xampp\htdocs\yii\framework\web\CController.php(291): CFilterChain->run()
#12 C:\Users\Etienne.FORNEY\softs\xampp\htdocs\yii\framework\web\CController.php(265): QuestionsController->runActionWithFilters()
#13 C:\Users\Etienne.FORNEY\softs\xampp\htdocs\yii\framework\web\CWebApplication.php(282): QuestionsController->run()
#14 C:\Users\Etienne.FORNEY\softs\xampp\htdocs\yii\framework\web\CWebApplication.php(141): CWebApplication->runController()
#15 C:\Users\Etienne.FORNEY\softs\xampp\htdocs\yii\framework\base\CApplication.php(180): CWebApplication->processRequest()
#16 C:\Users\Etienne.FORNEY\softs\xampp\htdocs\app_surveys\index.php(13): CWebApplication->run()
REQUEST_URI=/app_surveys/index.php?r=questions
in C:\Users\Etienne.FORNEY\softs\xampp\htdocs\app_surveys\protected\controllers\QuestionsController.php (125)
in C:\Users\Etienne.FORNEY\softs\xampp\htdocs\app_surveys\index.php (13)
2014/01/14 10:05:23 [error] [php] include(Surveys.php): failed to open stream: No such file or directory (C:\Users\Etienne.FORNEY\softs\xampp\htdocs\yii\framework\YiiBase.php:427)
Stack trace:
#0 C:\Users\Etienne.FORNEY\softs\xampp\htdocs\yii\framework\db\ar\CActiveRecord.php(395): spl_autoload_call()
#1 C:\Users\Etienne.FORNEY\softs\xampp\htdocs\yii\framework\web\CActiveDataProvider.php(165): model()
#2 C:\Users\Etienne.FORNEY\softs\xampp\htdocs\yii\framework\web\CActiveDataProvider.php(87): CActiveDataProvider->getModel()
#3 C:\Users\Etienne.FORNEY\softs\xampp\htdocs\app_surveys\protected\controllers\SurveysController.php(125): CActiveDataProvider->__construct()
#4 C:\Users\Etienne.FORNEY\softs\xampp\htdocs\yii\framework\web\actions\CInlineAction.php(49): SurveysController->actionIndex()
#5 C:\Users\Etienne.FORNEY\softs\xampp\htdocs\yii\framework\web\CController.php(308): CInlineAction->runWithParams()
#6 C:\Users\Etienne.FORNEY\softs\xampp\htdocs\yii\framework\web\filters\CFilterChain.php(133): SurveysController->runAction()
#7 C:\Users\Etienne.FORNEY\softs\xampp\htdocs\yii\framework\web\filters\CFilter.php(40): CFilterChain->run()
#8 C:\Users\Etienne.FORNEY\softs\xampp\htdocs\yii\framework\web\CController.php(1145): CAccessControlFilter->filter()
#9 C:\Users\Etienne.FORNEY\softs\xampp\htdocs\yii\framework\web\filters\CInlineFilter.php(58): SurveysController->filterAccessControl()
#10 C:\Users\Etienne.FORNEY\softs\xampp\htdocs\yii\framework\web\filters\CFilterChain.php(130): CInlineFilter->filter()
#11 C:\Users\Etienne.FORNEY\softs\xampp\htdocs\yii\framework\web\CController.php(291): CFilterChain->run()
#12 C:\Users\Etienne.FORNEY\softs\xampp\htdocs\yii\framework\web\CController.php(265): SurveysController->runActionWithFilters()
#13 C:\Users\Etienne.FORNEY\softs\xampp\htdocs\yii\framework\web\CWebApplication.php(282): SurveysController->run()
#14 C:\Users\Etienne.FORNEY\softs\xampp\htdocs\yii\framework\web\CWebApplication.php(141): CWebApplication->runController()
#15 C:\Users\Etienne.FORNEY\softs\xampp\htdocs\yii\framework\base\CApplication.php(180): CWebApplication->processRequest()
#16 C:\Users\Etienne.FORNEY\softs\xampp\htdocs\app_surveys\index.php(13): CWebApplication->run()
REQUEST_URI=/app_surveys/index.php?r=surveys
in C:\Users\Etienne.FORNEY\softs\xampp\htdocs\app_surveys\protected\controllers\SurveysController.php (125)
in C:\Users\Etienne.FORNEY\softs\xampp\htdocs\app_surveys\index.php (13)
2014/01/14 10:05:53 [error] [php] include(Takings.php): failed to open stream: No such file or directory (C:\Users\Etienne.FORNEY\softs\xampp\htdocs\yii\framework\YiiBase.php:427)
Stack trace:
#0 C:\Users\Etienne.FORNEY\softs\xampp\htdocs\yii\framework\db\ar\CActiveRecord.php(395): spl_autoload_call()
#1 C:\Users\Etienne.FORNEY\softs\xampp\htdocs\yii\framework\web\CActiveDataProvider.php(165): model()
#2 C:\Users\Etienne.FORNEY\softs\xampp\htdocs\yii\framework\web\CActiveDataProvider.php(87): CActiveDataProvider->getModel()
#3 C:\Users\Etienne.FORNEY\softs\xampp\htdocs\app_surveys\protected\controllers\TakingsController.php(125): CActiveDataProvider->__construct()
#4 C:\Users\Etienne.FORNEY\softs\xampp\htdocs\yii\framework\web\actions\CInlineAction.php(49): TakingsController->actionIndex()
#5 C:\Users\Etienne.FORNEY\softs\xampp\htdocs\yii\framework\web\CController.php(308): CInlineAction->runWithParams()
#6 C:\Users\Etienne.FORNEY\softs\xampp\htdocs\yii\framework\web\filters\CFilterChain.php(133): TakingsController->runAction()
#7 C:\Users\Etienne.FORNEY\softs\xampp\htdocs\yii\framework\web\filters\CFilter.php(40): CFilterChain->run()
#8 C:\Users\Etienne.FORNEY\softs\xampp\htdocs\yii\framework\web\CController.php(1145): CAccessControlFilter->filter()
#9 C:\Users\Etienne.FORNEY\softs\xampp\htdocs\yii\framework\web\filters\CInlineFilter.php(58): TakingsController->filterAccessControl()
#10 C:\Users\Etienne.FORNEY\softs\xampp\htdocs\yii\framework\web\filters\CFilterChain.php(130): CInlineFilter->filter()
#11 C:\Users\Etienne.FORNEY\softs\xampp\htdocs\yii\framework\web\CController.php(291): CFilterChain->run()
#12 C:\Users\Etienne.FORNEY\softs\xampp\htdocs\yii\framework\web\CController.php(265): TakingsController->runActionWithFilters()
#13 C:\Users\Etienne.FORNEY\softs\xampp\htdocs\yii\framework\web\CWebApplication.php(282): TakingsController->run()
#14 C:\Users\Etienne.FORNEY\softs\xampp\htdocs\yii\framework\web\CWebApplication.php(141): CWebApplication->runController()
#15 C:\Users\Etienne.FORNEY\softs\xampp\htdocs\yii\framework\base\CApplication.php(180): CWebApplication->processRequest()
#16 C:\Users\Etienne.FORNEY\softs\xampp\htdocs\app_surveys\index.php(13): CWebApplication->run()
REQUEST_URI=/app_surveys/index.php?r=takings
in C:\Users\Etienne.FORNEY\softs\xampp\htdocs\app_surveys\protected\controllers\TakingsController.php (125)
in C:\Users\Etienne.FORNEY\softs\xampp\htdocs\app_surveys\index.php (13)
